[2015-05-11 06:06:10] Codeception.ALERT: Failed asserting that true is false. [] []
[2015-05-11 06:06:10] Codeception.INFO: # FAILED # [] []
[2015-05-11 06:06:10] Codeception.INFO: PASSED [] []
[2015-05-11 06:11:54] Codeception.INFO: PASSED [] []
[2015-05-11 06:12:36] Codeception.ALERT: Failed asserting that true is false. [] []
[2015-05-11 06:12:36] Codeception.INFO: # FAILED # [] []
[2015-05-11 06:12:36] Codeception.INFO: PASSED [] []
